2025-11-04 13:34:47, MOVE, v:1, k:poo@budega, mode:DOWN
2025-11-04 13:34:54, MOVE, v:1, k:poo@budega, mode:PICK
2025-11-04 13:42:34, MOVE, v:1, k:poo@budega, mode:BACK
2025-11-04 13:42:35, MOVE, v:1, k:poo@budega, mode:PICK
2025-11-04 13:42:35, MOVE, v:1, k:poo@budega, mode:BACK
2025-11-04 13:43:10, SELF, v:1, k:poo@array
2025-11-04 13:43:39, SELF, v:1, k:poo@array, rate:100, alone:10
2025-11-04 13:43:40, MOVE, v:1, k:poo@array, mode:PICK
2025-11-04 13:43:41, MOVE, v:1, k:poo@array, mode:BACK
2025-11-04 13:43:41, MOVE, v:1, k:poo@array, mode:PICK
2025-11-04 13:43:42, MOVE, v:1, k:poo@array, mode:BACK
2025-11-04 13:43:46, SELF, v:1, k:poo@budega
2025-11-04 13:43:50, SELF, v:1, k:poo@cinema
2025-11-04 13:43:52, MOVE, v:1, k:poo@array, mode:PICK
2025-11-04 13:43:54, MOVE, v:1, k:poo@array, mode:BACK
2025-11-04 13:43:54, MOVE, v:1, k:poo@array, mode:PICK
2025-11-04 13:43:55, MOVE, v:1, k:poo@array, mode:BACK
2025-11-04 13:44:06, MOVE, v:1, k:poo@budega, mode:PICK
2025-11-04 13:44:08, EXEC, v:1, k:poo@budega, mode:FULL, rate:0, size:0
2025-11-04 13:57:27, MOVE, v:1, k:poo@budega, mode:BACK
2025-11-04 13:57:51, SELF, v:1, k:poo@budega
2025-11-04 13:57:51, MOVE, v:1, k:poo@budega, mode:PICK
2025-11-04 14:07:53, EXEC, v:1, k:poo@budega, mode:FULL, rate:0, size:2
2025-11-04 14:08:02, MOVE, v:1, k:poo@budega, mode:BACK
